<?xml version="1.0" encoding="UTF-8" ?>
<testsuites name="vitest tests" tests="693" failures="60" errors="0" time="32.923">
    <testsuite name="core/src/preview-api/Errors.stories.tsx" timestamp="2024-08-01T18:15:41.873Z" hostname="Yanns-MacBook-Pro.local" tests="2" failures="2" errors="0" skipped="0" time="0.041">
        <testcase classname="core/src/preview-api/Errors.stories.tsx" name="MyError" time="0.036">
            <system-err>
The above error occurred in the &lt;Component&gt; component:

    at Component (/Users/yannbraga/open-source/storybook/code/core/src/preview-api/Errors.stories.tsx:13:22)
    at ThemeProvider (/Users/yannbraga/open-source/storybook/code/core/dist/theming/index.js:1958:38)
    at unboundStoryFn (/Users/yannbraga/open-source/storybook/code/core/dist/preview-api/index.cjs:7416:62)

Consider adding an error boundary to your tree to customize error handling behavior.
Visit https://reactjs.org/link/error-boundaries to learn more about error boundaries.

            </system-err>
            <failure message="
[34mClick to debug the error directly in Storybook: http://localhost:6006/?path=/story/errors--my-error[39m

Element not found" type="Error">
Error: 
Click to debug the error directly in Storybook: http://localhost:6006/?path=/story/errors--my-error

Element not found
 ❯ Component core/src/preview-api/Errors.stories.tsx:12:11
 ❯ renderWithHooks node_modules/react-dom/cjs/react-dom.development.js:16305:18
 ❯ mountIndeterminateComponent node_modules/react-dom/cjs/react-dom.development.js:20074:13
 ❯ beginWork node_modules/react-dom/cjs/react-dom.development.js:21587:16
 ❯ HTMLUnknownElement.callCallback node_modules/react-dom/cjs/react-dom.development.js:4164:14
 ❯ HTMLUnknownElement.dispatchEvent node_modules/happy-dom/src/event/EventTarget.ts:222:42
 ❯ HTMLUnknownElement.dispatchEvent node_modules/happy-dom/src/nodes/element/Element.ts:1170:29
 ❯ HTMLUnknownElement.dispatchEvent node_modules/happy-dom/src/event/EventTarget.ts:131:9
 ❯ HTMLUnknownElement.dispatchEvent node_modules/happy-dom/src/nodes/element/Element.ts:1170:29
 ❯ Object.invokeGuardedCallbackDev node_modules/react-dom/cjs/react-dom.development.js:4213:16
            </failure>
        </testcase>
        <testcase classname="core/src/preview-api/Errors.stories.tsx" name="Missing" time="0.005">
            <system-err>
The above error occurred in the &lt;Component&gt; component:

    at Component (/Users/yannbraga/open-source/storybook/code/core/src/preview-api/Errors.stories.tsx:13:22)
    at ThemeProvider (/Users/yannbraga/open-source/storybook/code/core/dist/theming/index.js:1958:38)
    at unboundStoryFn (/Users/yannbraga/open-source/storybook/code/core/dist/preview-api/index.cjs:7416:62)

Consider adding an error boundary to your tree to customize error handling behavior.
Visit https://reactjs.org/link/error-boundaries to learn more about error boundaries.

            </system-err>
            <failure message="
[34mClick to debug the error directly in Storybook: http://localhost:6006/?path=/story/errors--missing[39m

Element not found" type="Error">
Error: 
Click to debug the error directly in Storybook: http://localhost:6006/?path=/story/errors--missing

Element not found
 ❯ Component core/src/preview-api/Errors.stories.tsx:12:11
 ❯ renderWithHooks node_modules/react-dom/cjs/react-dom.development.js:16305:18
 ❯ mountIndeterminateComponent node_modules/react-dom/cjs/react-dom.development.js:20074:13
 ❯ beginWork node_modules/react-dom/cjs/react-dom.development.js:21587:16
 ❯ HTMLUnknownElement.callCallback node_modules/react-dom/cjs/react-dom.development.js:4164:14
 ❯ HTMLUnknownElement.dispatchEvent node_modules/happy-dom/src/event/EventTarget.ts:222:42
 ❯ HTMLUnknownElement.dispatchEvent node_modules/happy-dom/src/nodes/element/Element.ts:1170:29
 ❯ HTMLUnknownElement.dispatchEvent node_modules/happy-dom/src/event/EventTarget.ts:131:9
 ❯ HTMLUnknownElement.dispatchEvent node_modules/happy-dom/src/nodes/element/Element.ts:1170:29
 ❯ Object.invokeGuardedCallbackDev node_modules/react-dom/cjs/react-dom.development.js:4213:16
            </failure>
        </testcase>
    </testsuite>
    <testsuite name="core/template/stories/argMapping.stories.ts" timestamp="2024-08-01T18:15:41.878Z" hostname="Yanns-MacBook-Pro.local" tests="2" failures="0" errors="0" skipped="0" time="0.035">
        <testcase classname="core/template/stories/argMapping.stories.ts" name="Single" time="0.027">
        </testcase>
        <testcase classname="core/template/stories/argMapping.stories.ts" name="Multiple" time="0.007">
        </testcase>
    </testsuite>
    <testsuite name="core/template/stories/argTypes.stories.ts" timestamp="2024-08-01T18:15:41.879Z" hostname="Yanns-MacBook-Pro.local" tests="2" failures="0" errors="0" skipped="0" time="0.043">
        <testcase classname="core/template/stories/argTypes.stories.ts" name="Inheritance" time="0.033">
        </testcase>
        <testcase classname="core/template/stories/argTypes.stories.ts" name="ArgTypeInference" time="0.008">
        </testcase>
    </testsuite>
    <testsuite name="core/template/stories/args.stories.ts" timestamp="2024-08-01T18:15:41.879Z" hostname="Yanns-MacBook-Pro.local" tests="3" failures="2" errors="0" skipped="0" time="0.06">
        <testcase classname="core/template/stories/args.stories.ts" name="Inheritance" time="0.034">
        </testcase>
        <testcase classname="core/template/stories/args.stories.ts" name="Targets" time="0.019">
            <failure message="
[34mClick to debug the error directly in Storybook: http://localhost:6006/?path=/story/composedstory--targets&amp;addonPanel=storybook/interactions/panel[39m

expected { a: &apos;a&apos;, b: &apos;b&apos; } to deeply equal { b: &apos;b&apos; }" type="AssertionError">
AssertionError: 
Click to debug the error directly in Storybook: http://localhost:6006/?path=/story/composedstory--targets&amp;addonPanel=storybook/interactions/panel

expected { a: &apos;a&apos;, b: &apos;b&apos; } to deeply equal { b: &apos;b&apos; }

- Expected
+ Received

  Object {
+   &quot;a&quot;: &quot;a&quot;,
    &quot;b&quot;: &quot;b&quot;,
  }

 ❯ play core/template/stories/args.stories.ts:64:82
 ❯ runStory core/dist/preview-api/index.cjs:8036:11
 ❯ node_modules/@storybook/experimental-vitest-plugin/dist/test-utils.js:307:5
            </failure>
        </testcase>
        <testcase classname="core/template/stories/args.stories.ts" name="Events" time="0.006">
            <failure message="
[34mClick to debug the error directly in Storybook: http://localhost:6006/?path=/story/composedstory--events&amp;addonPanel=storybook/interactions/panel[39m

Cannot read properties of undefined (reading &apos;emit&apos;)" type="TypeError">
TypeError: 
Click to debug the error directly in Storybook: http://localhost:6006/?path=/story/composedstory--events&amp;addonPanel=storybook/interactions/panel

Cannot read properties of undefined (reading &apos;emit&apos;)
 ❯ play core/template/stories/args.stories.ts:77:19
 ❯ runStory core/dist/preview-api/index.cjs:8036:11
 ❯ node_modules/@storybook/experimental-vitest-plugin/dist/test-utils.js:307:5
            </failure>
        </testcase>
    </testsuite>
    <testsuite name="core/template/stories/autotitle.stories.ts" timestamp="2024-08-01T18:15:41.880Z" hostname="Yanns-MacBook-Pro.local" tests="1" failures="1" errors="0" skipped="0" time="0.034">
        <testcase classname="core/template/stories/autotitle.stories.ts" name="Default" time="0.033">
            <failure message="
[34mClick to debug the error directly in Storybook: http://localhost:6006/?path=/story/composedstory--default&amp;addonPanel=storybook/interactions/panel[39m

expected &apos;ComposedStory&apos; to be &apos;core/autotitle&apos; // Object.is equality" type="AssertionError">
AssertionError: 
Click to debug the error directly in Storybook: http://localhost:6006/?path=/story/composedstory--default&amp;addonPanel=storybook/interactions/panel

expected &apos;ComposedStory&apos; to be &apos;core/autotitle&apos; // Object.is equality

- Expected
+ Received

- core/autotitle
+ ComposedStory

 ❯ play core/template/stories/autotitle.stories.ts:12:25
 ❯ runStory core/dist/preview-api/index.cjs:8036:11
 ❯ node_modules/@storybook/experimental-vitest-plugin/dist/test-utils.js:307:5
            </failure>
        </testcase>
    </testsuite>
    <testsuite name="core/template/stories/component-play.stories.ts" timestamp="2024-08-01T18:15:41.881Z" hostname="Yanns-MacBook-Pro.local" tests="2" failures="0" errors="0" skipped="0" time="0.041">
        <testcase classname="core/template/stories/component-play.stories.ts" name="StoryOne" time="0.034">
        </testcase>
        <testcase classname="core/template/stories/component-play.stories.ts" name="StoryTwo" time="0.007">
        </testcase>
    </testsuite>
    <testsuite name="core/template/stories/decorators.stories.ts" timestamp="2024-08-01T18:15:41.882Z" hostname="Yanns-MacBook-Pro.local" tests="2" failures="1" errors="0" skipped="0" time="0.039">
        <testcase classname="core/template/stories/decorators.stories.ts" name="Inheritance" time="0.027">
        </testcase>
        <testcase classname="core/template/stories/decorators.stories.ts" name="Hooks" time="0.012">
            <failure message="
[34mClick to debug the error directly in Storybook: http://localhost:6006/?path=/story/composedstory--hooks&amp;addonPanel=storybook/interactions/panel[39m

Cannot read properties of undefined (reading &apos;emit&apos;)" type="TypeError">
TypeError: 
Click to debug the error directly in Storybook: http://localhost:6006/?path=/story/composedstory--hooks&amp;addonPanel=storybook/interactions/panel

Cannot read properties of undefined (reading &apos;emit&apos;)
 ❯ play core/template/stories/decorators.stories.ts:60:19
 ❯ runStory core/dist/preview-api/index.cjs:8036:11
 ❯ node_modules/@storybook/experimental-vitest-plugin/dist/test-utils.js:307:5
            </failure>
        </testcase>
    </testsuite>
    <testsuite name="core/template/stories/exportOrder.stories.ts" timestamp="2024-08-01T18:15:41.883Z" hostname="Yanns-MacBook-Pro.local" tests="3" failures="0" errors="0" skipped="1" time="0.035">
        <testcase classname="core/template/stories/exportOrder.stories.ts" name="Story1" time="0.026">
        </testcase>
        <testcase classname="core/template/stories/exportOrder.stories.ts" name="Story2" time="0.007">
        </testcase>
        <testcase classname="core/template/stories/exportOrder.stories.ts" name="__namedExportsOrder" time="0">
            <skipped/>
        </testcase>
    </testsuite>
    <testsuite name="core/template/stories/globals.stories.ts" timestamp="2024-08-01T18:15:41.883Z" hostname="Yanns-MacBook-Pro.local" tests="2" failures="1" errors="0" skipped="0" time="0.07">
        <testcase classname="core/template/stories/globals.stories.ts" name="Inheritance" time="0.057">
        </testcase>
        <testcase classname="core/template/stories/globals.stories.ts" name="Events" time="0.01">
            <failure message="
[34mClick to debug the error directly in Storybook: http://localhost:6006/?path=/story/composedstory--events&amp;addonPanel=storybook/interactions/panel[39m

Cannot read properties of undefined (reading &apos;emit&apos;)" type="TypeError">
TypeError: 
Click to debug the error directly in Storybook: http://localhost:6006/?path=/story/composedstory--events&amp;addonPanel=storybook/interactions/panel

Cannot read properties of undefined (reading &apos;emit&apos;)
 ❯ play core/template/stories/globals.stories.ts:32:19
 ❯ runStory core/dist/preview-api/index.cjs:8036:11
 ❯ node_modules/@storybook/experimental-vitest-plugin/dist/test-utils.js:307:5
            </failure>
        </testcase>
    </testsuite>
    <testsuite name="core/template/stories/hooks.stories.ts" timestamp="2024-08-01T18:15:41.884Z" hostname="Yanns-MacBook-Pro.local" tests="2" failures="1" errors="0" skipped="0" time="1.169">
        <testcase classname="core/template/stories/hooks.stories.ts" name="UseState" time="1.161">
            <failure message="
[34mClick to debug the error directly in Storybook: http://localhost:6006/?path=/story/composedstory--use-state&amp;addonPanel=storybook/interactions/panel[39m

Unable to find an element with the text: Clicked 1 times. This could be because the text is broken up by multiple elements. In this case, you can provide a function for your text matcher to make your matcher more flexible.

Ignored nodes: comments, script, style
[36m&lt;div&gt;[39m
  [36m&lt;button[39m
    [33mtype[39m=[32m&quot;button&quot;[39m
  [36m&gt;[39m
    [0mClicked 0 times[0m
  [36m&lt;/button&gt;[39m
[36m&lt;/div&gt;[39m

Ignored nodes: comments, script, style
[36m&lt;div&gt;[39m
  [36m&lt;button[39m
    [33mtype[39m=[32m&quot;button&quot;[39m
  [36m&gt;[39m
    [0mClicked 0 times[0m
  [36m&lt;/button&gt;[39m
[36m&lt;/div&gt;[39m" type="TestingLibraryElementError">
TestingLibraryElementError: 
Click to debug the error directly in Storybook: http://localhost:6006/?path=/story/composedstory--use-state&amp;addonPanel=storybook/interactions/panel

Unable to find an element with the text: Clicked 1 times. This could be because the text is broken up by multiple elements. In this case, you can provide a function for your text matcher to make your matcher more flexible.

Ignored nodes: comments, script, style
&lt;div&gt;
  &lt;button
    type=&quot;button&quot;
  &gt;
    Clicked 0 times
  &lt;/button&gt;
&lt;/div&gt;

Ignored nodes: comments, script, style
&lt;div&gt;
  &lt;button
    type=&quot;button&quot;
  &gt;
    Clicked 0 times
  &lt;/button&gt;
&lt;/div&gt;
 ❯ waitForWrapper lib/test/dist/index.mjs:35506:27
 ❯ lib/test/dist/index.mjs:35570:12
 ❯ play core/template/stories/hooks.stories.ts:29:33
 ❯ runStory core/dist/preview-api/index.cjs:8036:5
 ❯ node_modules/@storybook/experimental-vitest-plugin/dist/test-utils.js:307:5
            </failure>
        </testcase>
        <testcase classname="core/template/stories/hooks.stories.ts" name="UseEffect" time="0.007">
        </testcase>
    </testsuite>
    <testsuite name="core/template/stories/indexer.stories.ts" timestamp="2024-08-01T18:15:41.885Z" hostname="Yanns-MacBook-Pro.local" tests="2" failures="0" errors="0" skipped="0" time="0.033">
        <testcase classname="core/template/stories/indexer.stories.ts" name="Default" time="0.026">
        </testcase>
        <testcase classname="core/template/stories/indexer.stories.ts" name="CustomParametersId" time="0.007">
        </testcase>
    </testsuite>
    <testsuite name="core/template/stories/interleavedExports.stories.ts" timestamp="2024-08-01T18:15:41.886Z" hostname="Yanns-MacBook-Pro.local" tests="2" failures="0" errors="0" skipped="0" time="0.032">
        <testcase classname="core/template/stories/interleavedExports.stories.ts" name="Story1" time="0.025">
        </testcase>
        <testcase classname="core/template/stories/interleavedExports.stories.ts" name="Story2" time="0.006">
        </testcase>
    </testsuite>
    <testsuite name="core/template/stories/layout.stories.ts" timestamp="2024-08-01T18:15:41.886Z" hostname="Yanns-MacBook-Pro.local" tests="11" failures="0" errors="0" skipped="0" time="0.091">
        <testcase classname="core/template/stories/layout.stories.ts" name="PaddedBlock" time="0.031">
        </testcase>
        <testcase classname="core/template/stories/layout.stories.ts" name="PaddedInline" time="0.008">
        </testcase>
        <testcase classname="core/template/stories/layout.stories.ts" name="FullscreenBlock" time="0.004">
        </testcase>
        <testcase classname="core/template/stories/layout.stories.ts" name="FullscreenInline" time="0.005">
        </testcase>
        <testcase classname="core/template/stories/layout.stories.ts" name="CenteredBlock" time="0.006">
        </testcase>
        <testcase classname="core/template/stories/layout.stories.ts" name="CenteredInline" time="0.005">
        </testcase>
        <testcase classname="core/template/stories/layout.stories.ts" name="CenteredTall" time="0.007">
        </testcase>
        <testcase classname="core/template/stories/layout.stories.ts" name="CenteredWide" time="0.007">
        </testcase>
        <testcase classname="core/template/stories/layout.stories.ts" name="None" time="0.006">
        </testcase>
        <testcase classname="core/template/stories/layout.stories.ts" name="Inherited" time="0.005">
        </testcase>
        <testcase classname="core/template/stories/layout.stories.ts" name="Invalid" time="0.005">
        </testcase>
    </testsuite>
    <testsuite name="core/template/stories/loaders.stories.ts" timestamp="2024-08-01T18:15:41.888Z" hostname="Yanns-MacBook-Pro.local" tests="2" failures="0" errors="0" skipped="0" time="7.049">
        <testcase classname="core/template/stories/loaders.stories.ts" name="Inheritance" time="4.038">
        </testcase>
        <testcase classname="core/template/stories/loaders.stories.ts" name="ZIndex" time="3.01">
        </testcase>
    </testsuite>
    <testsuite name="core/template/stories/names.stories.ts" timestamp="2024-08-01T18:15:41.889Z" hostname="Yanns-MacBook-Pro.local" tests="2" failures="0" errors="0" skipped="0" time="0.034">
        <testcase classname="core/template/stories/names.stories.ts" name="PrefixAndName" time="0.027">
        </testcase>
        <testcase classname="core/template/stories/names.stories.ts" name="Prefix" time="0.006">
        </testcase>
    </testsuite>
    <testsuite name="core/template/stories/parameters.stories.ts" timestamp="2024-08-01T18:15:41.889Z" hostname="Yanns-MacBook-Pro.local" tests="1" failures="0" errors="0" skipped="0" time="0.035">
        <testcase classname="core/template/stories/parameters.stories.ts" name="Inheritance" time="0.025">
        </testcase>
    </testsuite>
    <testsuite name="core/template/stories/rendering.stories.ts" timestamp="2024-08-01T18:15:41.889Z" hostname="Yanns-MacBook-Pro.local" tests="3" failures="1" errors="0" skipped="1" time="1.049">
        <testcase classname="core/template/stories/rendering.stories.ts" name="ForceRemount" time="0">
            <skipped/>
        </testcase>
        <testcase classname="core/template/stories/rendering.stories.ts" name="ChangeArgs" time="0.034">
            <system-err>
Warning: Failed prop type: The prop `onClick` is marked as required in `Button`, but its value is `undefined`.
    at Button (/Users/yannbraga/open-source/storybook/code/renderers/react/template/components/Button.jsx:5:19)
    at ThemeProvider (/Users/yannbraga/open-source/storybook/code/core/dist/theming/index.js:1958:38)
    at unboundStoryFn (/Users/yannbraga/open-source/storybook/code/core/dist/preview-api/index.cjs:7416:62)

            </system-err>
            <failure message="Cannot read properties of undefined (reading &apos;emit&apos;)" type="TypeError">
TypeError: Cannot read properties of undefined (reading &apos;emit&apos;)
 ❯ play core/template/stories/rendering.stories.ts:46:19
 ❯ runStory core/dist/preview-api/index.cjs:8036:11
 ❯ node_modules/@storybook/experimental-vitest-plugin/dist/test-utils.js:307:5
            </failure>
        </testcase>
        <testcase classname="core/template/stories/rendering.stories.ts" name="SlowLoader" time="1.007">
        </testcase>
    </testsuite>
    <testsuite name="core/template/stories/shortcuts.stories.ts" timestamp="2024-08-01T18:15:41.891Z" hostname="Yanns-MacBook-Pro.local" tests="1" failures="1" errors="0" skipped="0" time="0.039">
        <testcase classname="core/template/stories/shortcuts.stories.ts" name="KeydownDuringPlay" time="0.037">
            <system-err>
Warning: Failed prop type: The prop `onSuccess` is marked as required in `Form`, but its value is `undefined`.
    at Form (/Users/yannbraga/open-source/storybook/code/renderers/react/template/components/Form.jsx:5:17)
    at ThemeProvider (/Users/yannbraga/open-source/storybook/code/core/dist/theming/index.js:1958:38)
    at unboundStoryFn (/Users/yannbraga/open-source/storybook/code/core/dist/preview-api/index.cjs:7416:62)

            </system-err>
            <failure message="
[34mClick to debug the error directly in Storybook: http://localhost:6006/?path=/story/composedstory--keydown-during-play&amp;addonPanel=storybook/interactions/panel[39m

Cannot read properties of undefined (reading &apos;on&apos;)" type="TypeError">
TypeError: 
Click to debug the error directly in Storybook: http://localhost:6006/?path=/story/composedstory--keydown-during-play&amp;addonPanel=storybook/interactions/panel

Cannot read properties of undefined (reading &apos;on&apos;)
 ❯ play core/template/stories/shortcuts.stories.ts:16:13
 ❯ runStory core/dist/preview-api/index.cjs:8036:11
 ❯ node_modules/@storybook/experimental-vitest-plugin/dist/test-utils.js:307:5
            </failure>
        </testcase>
    </testsuite>
    <testsuite name="core/template/stories/tags-add.stories.ts" timestamp="2024-08-01T18:15:41.892Z" hostname="Yanns-MacBook-Pro.local" tests="4" failures="0" errors="0" skipped="3" time="0.027">
        <testcase classname="core/template/stories/tags-add.stories.ts" name="Inheritance" time="0">
            <skipped/>
        </testcase>
        <testcase classname="core/template/stories/tags-add.stories.ts" name="Dev" time="0">
            <skipped/>
        </testcase>
        <testcase classname="core/template/stories/tags-add.stories.ts" name="Autodocs" time="0">
            <skipped/>
        </testcase>
        <testcase classname="core/template/stories/tags-add.stories.ts" name="Test" time="0.022">
        </testcase>
    </testsuite>
    <testsuite name="core/template/stories/tags-config.stories.ts" timestamp="2024-08-01T18:15:41.893Z" hostname="Yanns-MacBook-Pro.local" tests="5" failures="0" errors="0" skipped="0" time="0.058">
        <testcase classname="core/template/stories/tags-config.stories.ts" name="Inheritance" time="0.034">
        </testcase>
        <testcase classname="core/template/stories/tags-config.stories.ts" name="DocsOnly" time="0.01">
        </testcase>
        <testcase classname="core/template/stories/tags-config.stories.ts" name="TestOnly" time="0.004">
        </testcase>
        <testcase classname="core/template/stories/tags-config.stories.ts" name="DevOnly" time="0.005">
        </testcase>
        <testcase classname="core/template/stories/tags-config.stories.ts" name="TagRemoval" time="0.004">
        </testcase>
    </testsuite>
    <testsuite name="core/template/stories/tags-remove.stories.ts" timestamp="2024-08-01T18:15:41.893Z" hostname="Yanns-MacBook-Pro.local" tests="4" failures="0" errors="0" skipped="1" time="0.045">
        <testcase classname="core/template/stories/tags-remove.stories.ts" name="Inheritance" time="0.032">
        </testcase>
        <testcase classname="core/template/stories/tags-remove.stories.ts" name="NoDev" time="0.007">
        </testcase>
        <testcase classname="core/template/stories/tags-remove.stories.ts" name="NoAutodocs" time="0.005">
        </testcase>
        <testcase classname="core/template/stories/tags-remove.stories.ts" name="NoTest" time="0">
            <skipped/>
        </testcase>
    </testsuite>
    <testsuite name="core/template/stories/title.stories.ts" timestamp="2024-08-01T18:15:41.894Z" hostname="Yanns-MacBook-Pro.local" tests="1" failures="1" errors="0" skipped="0" time="0.039">
        <testcase classname="core/template/stories/title.stories.ts" name="Default" time="0.037">
            <failure message="
[34mClick to debug the error directly in Storybook: http://localhost:6006/?path=/story/manual-title--default&amp;addonPanel=storybook/interactions/panel[39m

expected &apos;manual title&apos; to be &apos;core/manual title&apos; // Object.is equality" type="AssertionError">
AssertionError: 
Click to debug the error directly in Storybook: http://localhost:6006/?path=/story/manual-title--default&amp;addonPanel=storybook/interactions/panel

expected &apos;manual title&apos; to be &apos;core/manual title&apos; // Object.is equality

- Expected
+ Received

- core/manual title
+ manual title

 ❯ play core/template/stories/title.stories.ts:13:25
 ❯ runStory core/dist/preview-api/index.cjs:8036:11
 ❯ node_modules/@storybook/experimental-vitest-plugin/dist/test-utils.js:307:5
            </failure>
        </testcase>
    </testsuite>
    <testsuite name="core/template/stories/unicode.stories.ts" timestamp="2024-08-01T18:15:41.895Z" hostname="Yanns-MacBook-Pro.local" tests="2" failures="0" errors="0" skipped="0" time="0.045">
        <testcase classname="core/template/stories/unicode.stories.ts" name="Кнопки" time="0.039">
            <system-err>
Warning: Failed prop type: The prop `onClick` is marked as required in `Button`, but its value is `undefined`.
    at Button (/Users/yannbraga/open-source/storybook/code/renderers/react/template/components/Button.jsx:5:19)
    at ThemeProvider (/Users/yannbraga/open-source/storybook/code/core/dist/theming/index.js:1958:38)
    at unboundStoryFn (/Users/yannbraga/open-source/storybook/code/core/dist/preview-api/index.cjs:7416:62)

            </system-err>
        </testcase>
        <testcase classname="core/template/stories/unicode.stories.ts" name="바보" time="0.006">
        </testcase>
    </testsuite>
    <testsuite name="core/src/manager/container/Menu.stories.tsx" timestamp="2024-08-01T18:15:41.895Z" hostname="Yanns-MacBook-Pro.local" tests="2" failures="0" errors="0" skipped="0" time="0.086">
        <testcase classname="core/src/manager/container/Menu.stories.tsx" name="WithShortcuts" time="0.027">
        </testcase>
        <testcase classname="core/src/manager/container/Menu.stories.tsx" name="WithShortcutsActive" time="0.058">
        </testcase>
    </testsuite>
    <testsuite name="core/src/manager/container/Panel.stories.tsx" timestamp="2024-08-01T18:15:41.896Z" hostname="Yanns-MacBook-Pro.local" tests="1" failures="0" errors="0" skipped="0" time="0.023">
        <testcase classname="core/src/manager/container/Panel.stories.tsx" name="AllAddons" time="0.022">
        </testcase>
    </testsuite>
    <testsuite name="core/src/manager/settings/SettingsFooter.stories.tsx" timestamp="2024-08-01T18:15:41.896Z" hostname="Yanns-MacBook-Pro.local" tests="1" failures="0" errors="0" skipped="0" time="0.035">
        <testcase classname="core/src/manager/settings/SettingsFooter.stories.tsx" name="Basic" time="0.033">
        </testcase>
    </testsuite>
    <testsuite name="core/src/manager/settings/about.stories.tsx" timestamp="2024-08-01T18:15:41.896Z" hostname="Yanns-MacBook-Pro.local" tests="2" failures="0" errors="0" skipped="0" time="0.047">
        <testcase classname="core/src/manager/settings/about.stories.tsx" name="Default" time="0.036">
        </testcase>
        <testcase classname="core/src/manager/settings/about.stories.tsx" name="Default" time="0.01">
        </testcase>
    </testsuite>
    <testsuite name="core/src/manager/settings/shortcuts.stories.tsx" timestamp="2024-08-01T18:15:41.896Z" hostname="Yanns-MacBook-Pro.local" tests="1" failures="0" errors="0" skipped="0" time="0.064">
        <testcase classname="core/src/manager/settings/shortcuts.stories.tsx" name="Defaults" time="0.063">
        </testcase>
    </testsuite>
    <testsuite name="core/src/manager/settings/whats_new_footer.stories.tsx" timestamp="2024-08-01T18:15:41.897Z" hostname="Yanns-MacBook-Pro.local" tests="1" failures="0" errors="0" skipped="0" time="0.053">
        <testcase classname="core/src/manager/settings/whats_new_footer.stories.tsx" name="Default" time="0.052">
        </testcase>
    </testsuite>
    <testsuite name="core/src/components/components/ActionBar/ActionBar.stories.tsx" timestamp="2024-08-01T18:15:41.897Z" hostname="Yanns-MacBook-Pro.local" tests="2" failures="0" errors="0" skipped="0" time="0.041">
        <testcase classname="core/src/components/components/ActionBar/ActionBar.stories.tsx" name="SingleItem" time="0.03">
        </testcase>
        <testcase classname="core/src/components/components/ActionBar/ActionBar.stories.tsx" name="ManyItems" time="0.01">
        </testcase>
    </testsuite>
    <testsuite name="core/src/components/components/Badge/Badge.stories.tsx" timestamp="2024-08-01T18:15:41.897Z" hostname="Yanns-MacBook-Pro.local" tests="6" failures="0" errors="0" skipped="0" time="0.055">
        <testcase classname="core/src/components/components/Badge/Badge.stories.tsx" name="Default" time="0.028">
        </testcase>
        <testcase classname="core/src/components/components/Badge/Badge.stories.tsx" name="Positive" time="0.008">
        </testcase>
        <testcase classname="core/src/components/components/Badge/Badge.stories.tsx" name="Negative" time="0.005">
        </testcase>
        <testcase classname="core/src/components/components/Badge/Badge.stories.tsx" name="Neutral" time="0.004">
        </testcase>
        <testcase classname="core/src/components/components/Badge/Badge.stories.tsx" name="Warning" time="0.004">
        </testcase>
        <testcase classname="core/src/components/components/Badge/Badge.stories.tsx" name="Critical" time="0.005">
        </testcase>
    </testsuite>
    <testsuite name="core/src/components/components/Button/Button.deprecated.stories.tsx" timestamp="2024-08-01T18:15:41.898Z" hostname="Yanns-MacBook-Pro.local" tests="24" failures="0" errors="0" skipped="0" time="0.128">
        <testcase classname="core/src/components/components/Button/Button.deprecated.stories.tsx" name="Default" time="0.034">
        </testcase>
        <testcase classname="core/src/components/components/Button/Button.deprecated.stories.tsx" name="FormButton" time="0.008">
        </testcase>
        <testcase classname="core/src/components/components/Button/Button.deprecated.stories.tsx" name="Primary" time="0.006">
            <system-err>
Use of deprecated props in the button &quot;Primary&quot; detected, see the migration notes at https://github.com/storybookjs/storybook/blob/next/MIGRATION.md#new-ui-and-props-for-button-and-iconbutton-components

            </system-err>
        </testcase>
        <testcase classname="core/src/components/components/Button/Button.deprecated.stories.tsx" name="Secondary" time="0.007">
            <system-err>
Use of deprecated props in the button &quot;Secondary&quot; detected, see the migration notes at https://github.com/storybookjs/storybook/blob/next/MIGRATION.md#new-ui-and-props-for-button-and-iconbutton-components

            </system-err>
        </testcase>
        <testcase classname="core/src/components/components/Button/Button.deprecated.stories.tsx" name="Tertiary" time="0.004">
            <system-err>
Use of deprecated props in the button &quot;Tertiary&quot; detected, see the migration notes at https://github.com/storybookjs/storybook/blob/next/MIGRATION.md#new-ui-and-props-for-button-and-iconbutton-components

            </system-err>
        </testcase>
        <testcase classname="core/src/components/components/Button/Button.deprecated.stories.tsx" name="Gray" time="0.004">
            <system-err>
Use of deprecated props in the button &quot;Gray&quot; detected, see the migration notes at https://github.com/storybookjs/storybook/blob/next/MIGRATION.md#new-ui-and-props-for-button-and-iconbutton-components

            </system-err>
        </testcase>
        <testcase classname="core/src/components/components/Button/Button.deprecated.stories.tsx" name="Outline" time="0.003">
            <system-err>
Use of deprecated props in the button &quot;Outline&quot; detected, see the migration notes at https://github.com/storybookjs/storybook/blob/next/MIGRATION.md#new-ui-and-props-for-button-and-iconbutton-components

            </system-err>
        </testcase>
        <testcase classname="core/src/components/components/Button/Button.deprecated.stories.tsx" name="OutlinePrimary" time="0.004">
            <system-err>
Use of deprecated props in the button &quot;Outline Primary&quot; detected, see the migration notes at https://github.com/storybookjs/storybook/blob/next/MIGRATION.md#new-ui-and-props-for-button-and-iconbutton-components

            </system-err>
        </testcase>
        <testcase classname="core/src/components/components/Button/Button.deprecated.stories.tsx" name="OutlineSecondary" time="0.004">
            <system-err>
Use of deprecated props in the button &quot;Outline Secondary&quot; detected, see the migration notes at https://github.com/storybookjs/storybook/blob/next/MIGRATION.md#new-ui-and-props-for-button-and-iconbutton-components

            </system-err>
        </testcase>
        <testcase classname="core/src/components/components/Button/Button.deprecated.stories.tsx" name="OutlineTertiary" time="0.004">
            <system-err>
Use of deprecated props in the button &quot;Outline Tertiary&quot; detected, see the migration notes at https://github.com/storybookjs/storybook/blob/next/MIGRATION.md#new-ui-and-props-for-button-and-iconbutton-components

            </system-err>
        </testcase>
        <testcase classname="core/src/components/components/Button/Button.deprecated.stories.tsx" name="Disabled" time="0.007">
        </testcase>
        <testcase classname="core/src/components/components/Button/Button.deprecated.stories.tsx" name="DisabledPrimary" time="0.003">
            <system-err>
Use of deprecated props in the button &quot;Disabled Priary&quot; detected, see the migration notes at https://github.com/storybookjs/storybook/blob/next/MIGRATION.md#new-ui-and-props-for-button-and-iconbutton-components

            </system-err>
        </testcase>
        <testcase classname="core/src/components/components/Button/Button.deprecated.stories.tsx" name="DisabledSecondary" time="0.005">
            <system-err>
Use of deprecated props in the button &quot;Disabled Secondary&quot; detected, see the migration notes at https://github.com/storybookjs/storybook/blob/next/MIGRATION.md#new-ui-and-props-for-button-and-iconbutton-components

            </system-err>
        </testcase>
        <testcase classname="core/src/components/components/Button/Button.deprecated.stories.tsx" name="DisabledTertiary" time="0.003">
            <system-err>
Use of deprecated props in the button &quot;Disabled Tertiary&quot; detected, see the migration notes at https://github.com/storybookjs/storybook/blob/next/MIGRATION.md#new-ui-and-props-for-button-and-iconbutton-components

            </system-err>
        </testcase>
        <testcase classname="core/src/components/components/Button/Button.deprecated.stories.tsx" name="DisabledGray" time="0.003">
            <system-err>
Use of deprecated props in the button &quot;Disabled Gray&quot; detected, see the migration notes at https://github.com/storybookjs/storybook/blob/next/MIGRATION.md#new-ui-and-props-for-button-and-iconbutton-components

            </system-err>
        </testcase>
        <testcase classname="core/src/components/components/Button/Button.deprecated.stories.tsx" name="Small" time="0.003">
            <system-err>
Use of deprecated props in the button &quot;Small&quot; detected, see the migration notes at https://github.com/storybookjs/storybook/blob/next/MIGRATION.md#new-ui-and-props-for-button-and-iconbutton-components

            </system-err>
        </testcase>
        <testcase classname="core/src/components/components/Button/Button.deprecated.stories.tsx" name="SmallPrimary" time="0.003">
            <system-err>
Use of deprecated props in the button &quot;Small Priary&quot; detected, see the migration notes at https://github.com/storybookjs/storybook/blob/next/MIGRATION.md#new-ui-and-props-for-button-and-iconbutton-components

            </system-err>
        </testcase>
        <testcase classname="core/src/components/components/Button/Button.deprecated.stories.tsx" name="SmallSecondary" time="0.002">
            <system-err>
Use of deprecated props in the button &quot;Small Secondary&quot; detected, see the migration notes at https://github.com/storybookjs/storybook/blob/next/MIGRATION.md#new-ui-and-props-for-button-and-iconbutton-components

            </system-err>
        </testcase>
        <testcase classname="core/src/components/components/Button/Button.deprecated.stories.tsx" name="SmallTertiary" time="0.002">
            <system-err>
Use of deprecated props in the button &quot;Small Tertiary&quot; detected, see the migration notes at https://github.com/storybookjs/storybook/blob/next/MIGRATION.md#new-ui-and-props-for-button-and-iconbutton-components

            </system-err>
        </testcase>
        <testcase classname="core/src/components/components/Button/Button.deprecated.stories.tsx" name="SmallGray" time="0.004">
            <system-err>
Use of deprecated props in the button &quot;Small Gray&quot; detected, see the migration notes at https://github.com/storybookjs/storybook/blob/next/MIGRATION.md#new-ui-and-props-for-button-and-iconbutton-components

            </system-err>
        </testcase>
        <testcase classname="core/src/components/components/Button/Button.deprecated.stories.tsx" name="IsLink" time="0.004">
            <system-err>
Use of deprecated props in the button &quot;Button as a link&quot; detected, see the migration notes at https://github.com/storybookjs/storybook/blob/next/MIGRATION.md#new-ui-and-props-for-button-and-iconbutton-components

            </system-err>
        </testcase>
        <testcase classname="core/src/components/components/Button/Button.deprecated.stories.tsx" name="IconPrimary" time="0.004">
            <system-err>
Use of deprecated props in the button component detected, see the migration notes at https://github.com/storybookjs/storybook/blob/next/MIGRATION.md#new-ui-and-props-for-button-and-iconbutton-components

            </system-err>
        </testcase>
        <testcase classname="core/src/components/components/Button/Button.deprecated.stories.tsx" name="IconOutline" time="0.003">
        </testcase>
        <testcase classname="core/src/components/components/Button/Button.deprecated.stories.tsx" name="IconOutlineSmall" time="0.003">
        </testcase>
    </testsuite>
    <testsuite name="core/src/components/components/Button/Button.stories.tsx" timestamp="2024-08-01T18:15:41.905Z" hostname="Yanns-MacBook-Pro.local" tests="9" failures="0" errors="0" skipped="0" time="0.115">
        <testcase classname="core/src/components/components/Button/Button.stories.tsx" name="Base" time="0.035">
        </testcase>
        <testcase classname="core/src/components/components/Button/Button.stories.tsx" name="Variants" time="0.031">
        </testcase>
        <testcase classname="core/src/components/components/Button/Button.stories.tsx" name="Active" time="0.009">
        </testcase>
        <testcase classname="core/src/components/components/Button/Button.stories.tsx" name="WithIcon" time="0.004">
        </testcase>
        <testcase classname="core/src/components/components/Button/Button.stories.tsx" name="IconOnly" time="0.005">
        </testcase>
        <testcase classname="core/src/components/components/Button/Button.stories.tsx" name="Sizes" time="0.004">
        </testcase>
        <testcase classname="core/src/components/components/Button/Button.stories.tsx" name="Disabled" time="0.004">
        </testcase>
        <testcase classname="core/src/components/components/Button/Button.stories.tsx" name="WithHref" time="0.006">
        </testcase>
        <testcase classname="core/src/components/components/Button/Button.stories.tsx" name="Animated" time="0.016">
        </testcase>
    </testsuite>
    <testsuite name="core/src/components/components/ErrorFormatter/ErrorFormatter.stories.tsx" timestamp="2024-08-01T18:15:41.906Z" hostname="Yanns-MacBook-Pro.local" tests="3" failures="0" errors="0" skipped="0" time="0.14">
        <testcase classname="core/src/components/components/ErrorFormatter/ErrorFormatter.stories.tsx" name="Chrome" time="0.061">
        </testcase>
        <testcase classname="core/src/components/components/ErrorFormatter/ErrorFormatter.stories.tsx" name="Safari" time="0.055">
        </testcase>
        <testcase classname="core/src/components/components/ErrorFormatter/ErrorFormatter.stories.tsx" name="Firefox" time="0.024">
        </testcase>
    </testsuite>
    <testsuite name="core/src/components/components/IconButton/IconButton.stories.tsx" timestamp="2024-08-01T18:15:41.907Z" hostname="Yanns-MacBook-Pro.local" tests="7" failures="0" errors="0" skipped="0" time="0.103">
        <testcase classname="core/src/components/components/IconButton/IconButton.stories.tsx" name="Base" time="0.036">
        </testcase>
        <testcase classname="core/src/components/components/IconButton/IconButton.stories.tsx" name="Types" time="0.014">
        </testcase>
        <testcase classname="core/src/components/components/IconButton/IconButton.stories.tsx" name="Active" time="0.009">
        </testcase>
        <testcase classname="core/src/components/components/IconButton/IconButton.stories.tsx" name="Sizes" time="0.006">
        </testcase>
        <testcase classname="core/src/components/components/IconButton/IconButton.stories.tsx" name="Disabled" time="0.012">
        </testcase>
        <testcase classname="core/src/components/components/IconButton/IconButton.stories.tsx" name="Animated" time="0.016">
        </testcase>
        <testcase classname="core/src/components/components/IconButton/IconButton.stories.tsx" name="WithHref" time="0.009">
        </testcase>
    </testsuite>
    <testsuite name="core/src/components/components/Loader/Loader.stories.tsx" timestamp="2024-08-01T18:15:41.908Z" hostname="Yanns-MacBook-Pro.local" tests="4" failures="0" errors="0" skipped="0" time="0.053">
        <testcase classname="core/src/components/components/Loader/Loader.stories.tsx" name="InfiniteState" time="0.029">
        </testcase>
        <testcase classname="core/src/components/components/Loader/Loader.stories.tsx" name="SizeAdjusted" time="0.008">
        </testcase>
        <testcase classname="core/src/components/components/Loader/Loader.stories.tsx" name="ProgressBar" time="0.011">
        </testcase>
        <testcase classname="core/src/components/components/Loader/Loader.stories.tsx" name="ProgressError" time="0.005">
        </testcase>
    </testsuite>
    <testsuite name="core/src/components/components/Modal/Modal.stories.tsx" timestamp="2024-08-01T18:15:41.908Z" hostname="Yanns-MacBook-Pro.local" tests="5" failures="0" errors="0" skipped="0" time="0.247">
        <testcase classname="core/src/components/components/Modal/Modal.stories.tsx" name="Default" time="0.116">
        </testcase>
        <testcase classname="core/src/components/components/Modal/Modal.stories.tsx" name="FixedWidth" time="0.037">
        </testcase>
        <testcase classname="core/src/components/components/Modal/Modal.stories.tsx" name="FixedHeight" time="0.032">
        </testcase>
        <testcase classname="core/src/components/components/Modal/Modal.stories.tsx" name="FixedWidthAndHeight" time="0.023">
        </testcase>
        <testcase classname="core/src/components/components/Modal/Modal.stories.tsx" name="StyledComponents" time="0.038">
        </testcase>
    </testsuite>
    <testsuite name="core/src/components/components/ScrollArea/ScrollArea.stories.tsx" timestamp="2024-08-01T18:15:41.909Z" hostname="Yanns-MacBook-Pro.local" tests="7" failures="0" errors="0" skipped="0" time="0.376">
        <testcase classname="core/src/components/components/ScrollArea/ScrollArea.stories.tsx" name="Vertical" time="0.118">
        </testcase>
        <testcase classname="core/src/components/components/ScrollArea/ScrollArea.stories.tsx" name="Horizontal" time="0.02">
        </testcase>
        <testcase classname="core/src/components/components/ScrollArea/ScrollArea.stories.tsx" name="Both" time="0.062">
        </testcase>
        <testcase classname="core/src/components/components/ScrollArea/ScrollArea.stories.tsx" name="Neither" time="0.059">
        </testcase>
        <testcase classname="core/src/components/components/ScrollArea/ScrollArea.stories.tsx" name="WithOuterBorder" time="0.023">
        </testcase>
        <testcase classname="core/src/components/components/ScrollArea/ScrollArea.stories.tsx" name="CustomOffset" time="0.038">
        </testcase>
        <testcase classname="core/src/components/components/ScrollArea/ScrollArea.stories.tsx" name="CustomSize" time="0.055">
        </testcase>
    </testsuite>
    <testsuite name="core/src/components/components/Zoom/Zoom.stories.tsx" timestamp="2024-08-01T18:15:41.910Z" hostname="Yanns-MacBook-Pro.local" tests="6" failures="0" errors="0" skipped="0" time="0.165">
        <testcase classname="core/src/components/components/Zoom/Zoom.stories.tsx" name="ElementActualSize" time="0.1">
        </testcase>
        <testcase classname="core/src/components/components/Zoom/Zoom.stories.tsx" name="ElementZoomedIn" time="0.012">
        </testcase>
        <testcase classname="core/src/components/components/Zoom/Zoom.stories.tsx" name="ElementZoomedOut" time="0.013">
        </testcase>
        <testcase classname="core/src/components/components/Zoom/Zoom.stories.tsx" name="IFrameActualSize" time="0.022">
        </testcase>
        <testcase classname="core/src/components/components/Zoom/Zoom.stories.tsx" name="IFrameZoomedIn" time="0.007">
        </testcase>
        <testcase classname="core/src/components/components/Zoom/Zoom.stories.tsx" name="IFrameZoomedOut" time="0.01">
        </testcase>
    </testsuite>
    <testsuite name="core/src/components/components/brand/StorybookIcon.stories.tsx" timestamp="2024-08-01T18:15:41.911Z" hostname="Yanns-MacBook-Pro.local" tests="1" failures="0" errors="0" skipped="0" time="0.028">
        <testcase classname="core/src/components/components/brand/StorybookIcon.stories.tsx" name="Default" time="0.027">
        </testcase>
    </testsuite>
    <testsuite name="core/src/components/components/brand/StorybookLogo.stories.tsx" timestamp="2024-08-01T18:15:41.912Z" hostname="Yanns-MacBook-Pro.local" tests="1" failures="0" errors="0" skipped="0" time="0.03">
        <testcase classname="core/src/components/components/brand/StorybookLogo.stories.tsx" name="Normal" time="0.029">
        </testcase>
    </testsuite>
    <testsuite name="core/src/components/components/form/form.stories.tsx" timestamp="2024-08-01T18:15:41.912Z" hostname="Yanns-MacBook-Pro.local" tests="4" failures="0" errors="0" skipped="0" time="0.066">
        <testcase classname="core/src/components/components/form/form.stories.tsx" name="Field" time="0.043">
        </testcase>
        <testcase classname="core/src/components/components/form/form.stories.tsx" name="Select" time="0.009">
        </testcase>
        <testcase classname="core/src/components/components/form/form.stories.tsx" name="Textarea" time="0.007">
        </testcase>
        <testcase classname="core/src/components/components/form/form.stories.tsx" name="Input" time="0.006">
        </testcase>
    </testsuite>
    <testsuite name="core/src/components/components/icon/icon.stories.tsx" timestamp="2024-08-01T18:15:41.913Z" hostname="Yanns-MacBook-Pro.local" tests="4" failures="0" errors="0" skipped="0" time="0.316">
        <testcase classname="core/src/components/components/icon/icon.stories.tsx" name="Basic" time="0.029">
            <system-err>
Use of the deprecated Icons (watch) component detected. Please use the @storybook/icons component directly. For more informations, see the migration notes at https://github.com/storybookjs/storybook/blob/next/MIGRATION.md#icons-is-deprecated

            </system-err>
        </testcase>
        <testcase classname="core/src/components/components/icon/icon.stories.tsx" name="Labels" time="0.126">
            <system-err>
Use of the deprecated Icons (user) component detected. Please use the @storybook/icons component directly. For more informations, see the migration notes at https://github.com/storybookjs/storybook/blob/next/MIGRATION.md#icons-is-deprecated
Use of the deprecated Icons (useralt) component detected. Please use the @storybook/icons component directly. For more informations, see the migration notes at https://github.com/storybookjs/storybook/blob/next/MIGRATION.md#icons-is-deprecated
Use of the deprecated Icons (useradd) component detected. Please use the @storybook/icons component directly. For more informations, see the migration notes at https://github.com/storybookjs/storybook/blob/next/MIGRATION.md#icons-is-deprecated
Use of the deprecated Icons (users) component detected. Please use the @storybook/icons component directly. For more informations, see the migration notes at https://github.com/storybookjs/storybook/blob/next/MIGRATION.md#icons-is-deprecated
Use of the deprecated Icons (profile) component detected. Please use the @storybook/icons component directly. For more informations, see the migration notes at https://github.com/storybookjs/storybook/blob/next/MIGRATION.md#icons-is-deprecated
Use of the deprecated Icons (facehappy) component detected. Please use the @storybook/icons component directly. For more informations, see the migration notes at https://github.com/storybookjs/storybook/blob/next/MIGRATION.md#icons-is-deprecated
Use of the deprecated Icons (faceneutral) component detected. Please use the @storybook/icons component directly. For more informations, see the migration notes at https://github.com/storybookjs/storybook/blob/next/MIGRATION.md#icons-is-deprecated
Use of the deprecated Icons (facesad) component detected. Please use the @storybook/icons component directly. For more informations, see the migration notes at https://github.com/storybookjs/storybook/blob/next/MIGRATION.md#icons-is-deprecated
Use of the deprecated Icons (accessibility) component detected. Please use the @storybook/icons component directly. For more informations, see the migration notes at https://github.com/storybookjs/storybook/blob/next/MIGRATION.md#icons-is-deprecated
Use of the deprecated Icons (accessibilityalt) component detected. Please use the @storybook/icons component directly. For more informations, see the migration notes at https://github.com/storybookjs/storybook/blob/next/MIGRATION.md#icons-is-deprecated
Use of the deprecated Icons (arrowup) component detected. Please use the @storybook/icons component directly. For more informations, see the migration notes at https://github.com/storybookjs/storybook/blob/next/MIGRATION.md#icons-is-deprecated
Use of the deprecated Icons (arrowdown) component detected. Please use the @storybook/icons component directly. For more informations, see the migration notes at https://github.com/storybookjs/storybook/blob/next/MIGRATION.md#icons-is-deprecated
Use of the deprecated Icons (arrowleft) component detected. Please use the @storybook/icons component directly. For more informations, see the migration notes at https://github.com/storybookjs/storybook/blob/next/MIGRATION.md#icons-is-deprecated
Use of the deprecated Icons (arrowright) component detected. Please use the @storybook/icons component directly. For more informations, see the migration notes at https://github.com/storybookjs/storybook/blob/next/MIGRATION.md#icons-is-deprecated
Use of the deprecated Icons (arrowupalt) component detected. Please use the @storybook/icons component directly. For more informations, see the migration notes at https://github.com/storybookjs/storybook/blob/next/MIGRATION.md#icons-is-deprecated
Use of the deprecated Icons (arrowdownalt) component detected. Please use the @storybook/icons component directly. For more informations, see the migration notes at https://github.com/storybookjs/storybook/blob/next/MIGRATION.md#icons-is-deprecated
Use of the deprecated Icons (arrowleftalt) component detected. Please use the @storybook/icons component directly. For more informations, see the migration notes at https://github.com/storybookjs/storybook/blob/next/MIGRATION.md#icons-is-deprecated
Use of the deprecated Icons (arrowrightalt) component detected. Please use the @storybook/icons component directly. For more informations, see the migration notes at https://github.com/storybookjs/storybook/blob/next/MIGRATION.md#icons-is-deprecated
Use of the deprecated Icons (expandalt) component detected. Please use the @storybook/icons component directly. For more informations, see the migration notes at https://github.com/storybookjs/storybook/blob/next/MIGRATION.md#icons-is-deprecated
Use of the deprecated Icons (collapse) component detected. Please use the @storybook/icons component directly. For more informations, see the migration notes at https://github.com/storybookjs/storybook/blob/next/MIGRATION.md#icons-is-deprecated
Use of the deprecated Icons (expand) component detected. Please use the @storybook/icons component directly. For more informations, see the migration notes at https://github.com/storybookjs/storybook/blob/next/MIGRATION.md#icons-is-deprecated
Use of the deprecated Icons (unfold) component detected. Please use the @storybook/icons component directly. For more informations, see the migration notes at https://github.com/storybookjs/storybook/blob/next/MIGRATION.md#icons-is-deprecated
Use of the deprecated Icons (transfer) component detected. Please use the @storybook/icons component directly. For more informations, see the migration notes at https://github.com/storybookjs/storybook/blob/next/MIGRATION.md#icons-is-deprecated
Use of the deprecated Icons (redirect) component detected. Please use the @storybook/icons component directly. For more informations, see the migration notes at https://github.com/storybookjs/storybook/blob/next/MIGRATION.md#icons-is-deprecated
Use of the deprecated Icons (undo) component detected. Please use the @storybook/icons component directly. For more informations, see the migration notes at https://github.com/storybookjs/storybook/blob/next/MIGRATION.md#icons-is-deprecated
Use of the deprecated Icons (reply) component detected. Please use the @storybook/icons component directly. For more informations, see the migration notes at https://github.com/storybookjs/storybook/blob/next/MIGRATION.md#icons-is-deprecated
Use of the deprecated Icons (sync) component detected. Please use the @storybook/icons component directly. For more informations, see the migration notes at https://github.com/storybookjs/storybook/blob/next/MIGRATION.md#icons-is-deprecated
Use of the deprecated Icons (upload) component detected. Please use the @storybook/icons component directly. For more informations, see the migration notes at https://github.com/storybookjs/storybook/blob/next/MIGRATION.md#icons-is-deprecated
Use of the deprecated Icons (download) component detected. Please use the @storybook/icons component directly. For more informations, see the migration notes at https://github.com/storybookjs/storybook/blob/next/MIGRATION.md#icons-is-deprecated
Use of the deprecated Icons (back) component detected. Please use the @storybook/icons component directly. For more informations, see the migration notes at https://github.com/storybookjs/storybook/blob/next/MIGRATION.md#icons-is-deprecated
Use of the deprecated Icons (proceed) component detected. Please use the @storybook/icons component directly. For more informations, see the migration notes at https://github.com/storybookjs/storybook/blob/next/MIGRATION.md#icons-is-deprecated
Use of the deprecated Icons (refresh) component detected. Please use the @storybook/icons component directly. For more informations, see the migration notes at https://github.com/storybookjs/storybook/blob/next/MIGRATION.md#icons-is-deprecated
Use of the deprecated Icons (globe) component detected. Please use the @storybook/icons component directly. For more informations, see the migration notes at https://github.com/storybookjs/storybook/blob/next/MIGRATION.md#icons-is-deprecated
Use of the deprecated Icons (compass) component detected. Please use the @storybook/icons component directly. For more informations, see the migration notes at https://github.com/storybookjs/storybook/blob/next/MIGRATION.md#icons-is-deprecated
Use of the deprecated Icons (location) component detected. Please use the @storybook/icons component directly. For more informations, see the migration notes at https://github.com/storybookjs/storybook/blob/next/MIGRATION.md#icons-is-deprecated
Use of the deprecated Icons (pin) component detected. Please use the @storybook/icons component directly. For more informations, see the migration notes at https://github.com/storybookjs/storybook/blob/next/MIGRATION.md#icons-is-deprecated
Use of the deprecated Icons (time) component detected. Please use the @storybook/icons component directly. For more informations, see the migration notes at https://github.com/storybookjs/storybook/blob/next/MIGRATION.md#icons-is-deprecated
Use of the deprecated Icons (dashboard) component detected. Please use the @storybook/icons component directly. For more informations, see the migration notes at https://github.com/storybookjs/storybook/blob/next/MIGRATION.md#icons-is-deprecated
Use of the deprecated Icons (timer) component detected. Please use the @storybook/icons component directly. For more informations, see the migration notes at https://github.com/storybookjs/storybook/blob/next/MIGRATION.md#icons-is-deprecated
Use of the deprecated Icons (home) component detected. Please use the @storybook/icons component directly. For more informations, see the migration notes at https://github.com/storybookjs/storybook/blob/next/MIGRATION.md#icons-is-deprecated
Use of the deprecated Icons (admin) component detected. Please use the @storybook/icons component directly. For more informations, see the migration notes at https://github.com/storybookjs/storybook/blob/next/MIGRATION.md#icons-is-deprecated
Use of the deprecated Icons (info) component detected. Please use the @storybook/icons component directly. For more informations, see the migration notes at https://github.com/storybookjs/storybook/blob/next/MIGRATION.md#icons-is-deprecated
Use of the deprecated Icons (question) component detected. Please use the @storybook/icons component directly. For more informations, see the migration notes at https://github.com/storybookjs/storybook/blob/next/MIGRATION.md#icons-is-deprecated
Use of the deprecated Icons (support) component detected. Please use the @storybook/icons component directly. For more informations, see the migration notes at https://github.com/storybookjs/storybook/blob/next/MIGRATION.md#icons-is-deprecated
Use of the deprecated Icons (alert) component detected. Please use the @storybook/icons component directly. For more informations, see the migration notes at https://github.com/storybookjs/storybook/blob/next/MIGRATION.md#icons-is-deprecated
Use of the deprecated Icons (email) component detected. Please use the @storybook/icons component directly. For more informations, see the migration notes at https://github.com/storybookjs/storybook/blob/next/MIGRATION.md#icons-is-deprecated
Use of the deprecated Icons (phone) component detected. Please use the @storybook/icons component directly. For more informations, see the migration notes at https://github.com/storybookjs/storybook/blob/next/MIGRATION.md#icons-is-deprecated
Use of the deprecated Icons (link) component detected. Please use the @storybook/icons component directly. For more informations, see the migration notes at https://github.com/storybookjs/storybook/blob/next/MIGRATION.md#icons-is-deprecated
Use of the deprecated Icons (unlink) component detected. Please use the @storybook/icons component directly. For more informations, see the migration notes at https://github.com/storybookjs/storybook/blob/next/MIGRATION.md#icons-is-deprecated
Use of the deprecated Icons (bell) component detected. Please use the @storybook/icons component directly. For more informations, see the migration notes at https://github.com/storybookjs/storybook/blob/next/MIGRATION.md#icons-is-deprecated
Use of the deprecated Icons (rss) component detected. Please use the @storybook/icons component directly. For more informations, see the migration notes at https://github.com/storybookjs/storybook/blob/next/MIGRATION.md#icons-is-deprecated
Use of the deprecated Icons (sharealt) component detected. Please use the @storybook/icons component directly. For more informations, see the migration notes at https://github.com/storybookjs/storybook/blob/next/MIGRATION.md#icons-is-deprecated
Use of the deprecated Icons (share) component detected. Please use the @storybook/icons component directly. For more informations, see the migration notes at https://github.com/storybookjs/storybook/blob/next/MIGRATION.md#icons-is-deprecated
Use of the deprecated Icons (circle) component detected. Please use the @storybook/icons component directly. For more informations, see the migration notes at https://github.com/storybookjs/storybook/blob/next/MIGRATION.md#icons-is-deprecated
Use of the deprecated Icons (circlehollow) component detected. Please use the @storybook/icons component directly. For more informations, see the migration notes at https://github.com/storybookjs/storybook/blob/next/MIGRATION.md#icons-is-deprecated
Use of the deprecated Icons (bookmarkhollow) component detected. Please use the @storybook/icons component directly. For more informations, see the migration notes at https://github.com/storybookjs/storybook/blob/next/MIGRATION.md#icons-is-deprecated
Use of the deprecated Icons (bookmark) component detected. Please use the @storybook/icons component directly. For more informations, see the migration notes at https://github.com/storybookjs/storybook/blob/next/MIGRATION.md#icons-is-deprecated
Use of the deprecated Icons (hearthollow) component detected. Please use the @storybook/icons component directly. For more informations, see the migration notes at https://github.com/storybookjs/storybook/blob/next/MIGRATION.md#icons-is-deprecated
Use of the deprecated Icons (heart) component detected. Please use the @storybook/icons component directly. For more informations, see the migration notes at https://github.com/storybookjs/storybook/blob/next/MIGRATION.md#icons-is-deprecated
Use of the deprecated Icons (starhollow) component detected. Please use the @storybook/icons component directly. For more informations, see the migration notes at https://github.com/storybookjs/storybook/blob/next/MIGRATION.md#icons-is-deprecated
Use of the deprecated Icons (star) component detected. Please use the @storybook/icons component directly. For more informations, see the migration notes at https://github.com/storybookjs/storybook/blob/next/MIGRATION.md#icons-is-deprecated
Use of the deprecated Icons (certificate) component detected. Please use the @storybook/icons component directly. For more informations, see the migration notes at https://github.com/storybookjs/storybook/blob/next/MIGRATION.md#icons-is-deprecated
Use of the deprecated Icons (verified) component detected. Please use the @storybook/icons component directly. For more informations, see the migration notes at https://github.com/storybookjs/storybook/blob/next/MIGRATION.md#icons-is-deprecated
Use of the deprecated Icons (thumbsup) component detected. Please use the @storybook/icons component directly. For more informations, see the migration notes at https://github.com/storybookjs/storybook/blob/next/MIGRATION.md#icons-is-deprecated
Use of the deprecated Icons (shield) component detected. Please use the @storybook/icons component directly. For more informations, see the migration notes at https://github.com/storybookjs/storybook/blob/next/MIGRATION.md#icons-is-deprecated
Use of the deprecated Icons (basket) component detected. Please use the @storybook/icons component directly. For more informations, see the migration notes at https://github.com/storybookjs/storybook/blob/next/MIGRATION.md#icons-is-deprecated
Use of the deprecated Icons (beaker) component detected. Please use the @storybook/icons component directly. For more informations, see the migration notes at https://github.com/storybookjs/storybook/blob/next/MIGRATION.md#icons-is-deprecated
Use of the deprecated Icons (hourglass) component detected. Please use the @storybook/icons component directly. For more informations, see the migration notes at https://github.com/storybookjs/storybook/blob/next/MIGRATION.md#icons-is-deprecated
Use of the deprecated Icons (flag) component detected. Please use the @storybook/icons component directly. For more informations, see the migration notes at https://github.com/storybookjs/storybook/blob/next/MIGRATION.md#icons-is-deprecated
Use of the deprecated Icons (cloudhollow) component detected. Please use the @storybook/icons component directly. For more informations, see the migration notes at https://github.com/storybookjs/storybook/blob/next/MIGRATION.md#icons-is-deprecated
Use of the deprecated Icons (edit) component detected. Please use the @storybook/icons component directly. For more informations, see the migration notes at https://github.com/storybookjs/storybook/blob/next/MIGRATION.md#icons-is-deprecated
Use of the deprecated Icons (cog) component detected. Please use the @storybook/icons component directly. For more informations, see the migration notes at https://github.com/storybookjs/storybook/blob/next/MIGRATION.md#icons-is-deprecated
Use of the deprecated Icons (nut) component detected. Please use the @storybook/icons component directly. For more informations, see the migration notes at https://github.com/storybookjs/storybook/blob/next/MIGRATION.md#icons-is-deprecated
Use of the deprecated Icons (wrench) component detected. Please use the @storybook/icons component directly. For more informations, see the migration notes at https://github.com/storybookjs/storybook/blob/next/MIGRATION.md#icons-is-deprecated
Use of the deprecated Icons (ellipsis) component detected. Please use the @storybook/icons component directly. For more informations, see the migration notes at https://github.com/storybookjs/storybook/blob/next/MIGRATION.md#icons-is-deprecated
Use of the deprecated Icons (check) component detected. Please use the @storybook/icons component directly. For more informations, see the migration notes at https://github.com/storybookjs/storybook/blob/next/MIGRATION.md#icons-is-deprecated
Use of the deprecated Icons (form) component detected. Please use the @storybook/icons component directly. For more informations, see the migration notes at https://github.com/storybookjs/storybook/blob/next/MIGRATION.md#icons-is-deprecated
Use of the deprecated Icons (batchdeny) component detected. Please use the @storybook/icons component directly. For more informations, see the migration notes at https://github.com/storybookjs/storybook/blob/next/MIGRATION.md#icons-is-deprecated
Use of the deprecated Icons (batchaccept) component detected. Please use the @storybook/icons component directly. For more informations, see the migration notes at https://github.com/storybookjs/storybook/blob/next/MIGRATION.md#icons-is-deprecated
Use of the deprecated Icons (controls) component detected. Please use the @storybook/icons component directly. For more informations, see the migration notes at https://github.com/storybookjs/storybook/blob/next/MIGRATION.md#icons-is-deprecated
Use of the deprecated Icons (plus) component detected. Please use the @storybook/icons component directly. For more informations, see the migration notes at https://github.com/storybookjs/storybook/blob/next/MIGRATION.md#icons-is-deprecated
Use of the deprecated Icons (closeAlt) component detected. Please use the @storybook/icons component directly. For more informations, see the migration notes at https://github.com/storybookjs/storybook/blob/next/MIGRATION.md#icons-is-deprecated
Use of the deprecated Icons (cross) component detected. Please use the @storybook/icons component directly. For more informations, see the migration notes at https://github.com/storybookjs/storybook/blob/next/MIGRATION.md#icons-is-deprecated
Use of the deprecated Icons (trash) component detected. Please use the @storybook/icons component directly. For more informations, see the migration notes at https://github.com/storybookjs/storybook/blob/next/MIGRATION.md#icons-is-deprecated
Use of the deprecated Icons (pinalt) component detected. Please use the @storybook/icons component directly. For more informations, see the migration notes at https://github.com/storybookjs/storybook/blob/next/MIGRATION.md#icons-is-deprecated
Use of the deprecated Icons (unpin) component detected. Please use the @storybook/icons component directly. For more informations, see the migration notes at https://github.com/storybookjs/storybook/blob/next/MIGRATION.md#icons-is-deprecated
Use of the deprecated Icons (add) component detected. Please use the @storybook/icons component directly. For more informations, see the migration notes at https://github.com/storybookjs/storybook/blob/next/MIGRATION.md#icons-is-deprecated
Use of the deprecated Icons (subtract) component detected. Please use the @storybook/icons component directly. For more informations, see the migration notes at https://github.com/storybookjs/storybook/blob/next/MIGRATION.md#icons-is-deprecated
Use of the deprecated Icons (close) component detected. Please use the @storybook/icons component directly. For more informations, see the migration notes at https://github.com/storybookjs/storybook/blob/next/MIGRATION.md#icons-is-deprecated
Use of the deprecated Icons (delete) component detected. Please use the @storybook/icons component directly. For more informations, see the migration notes at https://github.com/storybookjs/storybook/blob/next/MIGRATION.md#icons-is-deprecated
Use of the deprecated Icons (passed) component detected. Please use the @storybook/icons component directly. For more informations, see the migration notes at https://github.com/storybookjs/storybook/blob/next/MIGRATION.md#icons-is-deprecated
Use of the deprecated Icons (changed) component detected. Please use the @storybook/icons component directly. For more informations, see the migration notes at https://github.com/storybookjs/storybook/blob/next/MIGRATION.md#icons-is-deprecated
Use of the deprecated Icons (failed) component detected. Please use the @storybook/icons component directly. For more informations, see the migration notes at https://github.com/storybookjs/storybook/blob/next/MIGRATION.md#icons-is-deprecated
Use of the deprecated Icons (clear) component detected. Please use the @storybook/icons component directly. For more informations, see the migration notes at https://github.com/storybookjs/storybook/blob/next/MIGRATION.md#icons-is-deprecated
Use of the deprecated Icons (comment) component detected. Please use the @storybook/icons component directly. For more informations, see the migration notes at https://github.com/storybookjs/storybook/blob/next/MIGRATION.md#icons-is-deprecated
Use of the deprecated Icons (commentadd) component detected. Please use the @storybook/icons component directly. For more informations, see the migration notes at https://github.com/storybookjs/storybook/blob/next/MIGRATION.md#icons-is-deprecated
Use of the deprecated Icons (requestchange) component detected. Please use the @storybook/icons component directly. For more informations, see the migration notes at https://github.com/storybookjs/storybook/blob/next/MIGRATION.md#icons-is-deprecated
Use of the deprecated Icons (comments) component detected. Please use the @storybook/icons component directly. For more informations, see the migration notes at https://github.com/storybookjs/storybook/blob/next/MIGRATION.md#icons-is-deprecated
Use of the deprecated Icons (lock) component detected. Please use the @storybook/icons component directly. For more informations, see the migration notes at https://github.com/storybookjs/storybook/blob/next/MIGRATION.md#icons-is-deprecated
Use of the deprecated Icons (unlock) component detected. Please use the @storybook/icons component directly. For more informations, see the migration notes at https://github.com/storybookjs/storybook/blob/next/MIGRATION.md#icons-is-deprecated
Use of the deprecated Icons (key) component detected. Please use the @storybook/icons component directly. For more informations, see the migration notes at https://github.com/storybookjs/storybook/blob/next/MIGRATION.md#icons-is-deprecated
Use of the deprecated Icons (outbox) component detected. Please use the @storybook/icons component directly. For more informations, see the migration notes at https://github.com/storybookjs/storybook/blob/next/MIGRATION.md#icons-is-deprecated
Use of the deprecated Icons (credit) component detected. Please use the @storybook/icons component directly. For more informations, see the migration notes at https://github.com/storybookjs/storybook/blob/next/MIGRATION.md#icons-is-deprecated
Use of the deprecated Icons (button) component detected. Please use the @storybook/icons component directly. For more informations, see the migration notes at https://github.com/storybookjs/storybook/blob/next/MIGRATION.md#icons-is-deprecated
Use of the deprecated Icons (type) component detected. Please use the @storybook/icons component directly. For more informations, see the migration notes at https://github.com/storybookjs/storybook/blob/next/MIGRATION.md#icons-is-deprecated
Use of the deprecated Icons (pointerdefault) component detected. Please use the @storybook/icons component directly. For more informations, see the migration notes at https://github.com/storybookjs/storybook/blob/next/MIGRATION.md#icons-is-deprecated
Use of the deprecated Icons (pointerhand) component detected. Please use the @storybook/icons component directly. For more informations, see the migration notes at https://github.com/storybookjs/storybook/blob/next/MIGRATION.md#icons-is-deprecated
Use of the deprecated Icons (browser) component detected. Please use the @storybook/icons component directly. For more informations, see the migration notes at https://github.com/storybookjs/storybook/blob/next/MIGRATION.md#icons-is-deprecated
Use of the deprecated Icons (tablet) component detected. Please use the @storybook/icons component directly. For more informations, see the migration notes at https://github.com/storybookjs/storybook/blob/next/MIGRATION.md#icons-is-deprecated
Use of the deprecated Icons (mobile) component detected. Please use the @storybook/icons component directly. For more informations, see the migration notes at https://github.com/storybookjs/storybook/blob/next/MIGRATION.md#icons-is-deprecated
Use of the deprecated Icons (sidebar) component detected. Please use the @storybook/icons component directly. For more informations, see the migration notes at https://github.com/storybookjs/storybook/blob/next/MIGRATION.md#icons-is-deprecated
Use of the deprecated Icons (sidebaralt) component detected. Please use the @storybook/icons component directly. For more informations, see the migration notes at https://github.com/storybookjs/storybook/blob/next/MIGRATION.md#icons-is-deprecated
Use of the deprecated Icons (sidebaralttoggle) component detected. Please use the @storybook/icons component directly. For more informations, see the migration notes at https://github.com/storybookjs/storybook/blob/next/MIGRATION.md#icons-is-deprecated
Use of the deprecated Icons (sidebartoggle) component detected. Please use the @storybook/icons component directly. For more informations, see the migration notes at https://github.com/storybookjs/storybook/blob/next/MIGRATION.md#icons-is-deprecated
Use of the deprecated Icons (bottombar) component detected. Please use the @storybook/icons component directly. For more informations, see the migration notes at https://github.com/storybookjs/storybook/blob/next/MIGRATION.md#icons-is-deprecated
Use of the deprecated Icons (bottombartoggle) component detected. Please use the @storybook/icons component directly. For more informations, see the migration notes at https://github.com/storybookjs/storybook/blob/next/MIGRATION.md#icons-is-deprecated
Use of the deprecated Icons (cpu) component detected. Please use the @storybook/icons component directly. For more informations, see the migration notes at https://github.com/storybookjs/storybook/blob/next/MIGRATION.md#icons-is-deprecated
Use of the deprecated Icons (database) component detected. Please use the @storybook/icons component directly. For more informations, see the migration notes at https://github.com/storybookjs/storybook/blob/next/MIGRATION.md#icons-is-deprecated
Use of the deprecated Icons (memory) component detected. Please use the @storybook/icons component directly. For more informations, see the migration notes at https://github.com/storybookjs/storybook/blob/next/MIGRATION.md#icons-is-deprecated
Use of the deprecated Icons (structure) component detected. Please use the @storybook/icons component directly. For more informations, see the migration notes at https://github.com/storybookjs/storybook/blob/next/MIGRATION.md#icons-is-deprecated
Use of the deprecated Icons (box) component detected. Please use the @storybook/icons component directly. For more informations, see the migration notes at https://github.com/storybookjs/storybook/blob/next/MIGRATION.md#icons-is-deprecated
Use of the deprecated Icons (power) component detected. Please use the @storybook/icons component directly. For more informations, see the migration notes at https://github.com/storybookjs/storybook/blob/next/MIGRATION.md#icons-is-deprecated
Use of the deprecated Icons (photo) component detected. Please use the @storybook/icons component directly. For more informations, see the migration notes at https://github.com/storybookjs/storybook/blob/next/MIGRATION.md#icons-is-deprecated
Use of the deprecated Icons (component) component detected. Please use the @storybook/icons component directly. For more informations, see the migration notes at https://github.com/storybookjs/storybook/blob/next/MIGRATION.md#icons-is-deprecated
Use of the deprecated Icons (grid) component detected. Please use the @storybook/icons component directly. For more informations, see the migration notes at https://github.com/storybookjs/storybook/blob/next/MIGRATION.md#icons-is-deprecated
Use of the deprecated Icons (outline) component detected. Please use the @storybook/icons component directly. For more informations, see the migration notes at https://github.com/storybookjs/storybook/blob/next/MIGRATION.md#icons-is-deprecated
Use of the deprecated Icons (photodrag) component detected. Please use the @storybook/icons component directly. For more informations, see the migration notes at https://github.com/storybookjs/storybook/blob/next/MIGRATION.md#icons-is-deprecated
Use of the deprecated Icons (search) component detected. Please use the @storybook/icons component directly. For more informations, see the migration notes at https://github.com/storybookjs/storybook/blob/next/MIGRATION.md#icons-is-deprecated
Use of the deprecated Icons (zoom) component detected. Please use the @storybook/icons component directly. For more informations, see the migration notes at https://github.com/storybookjs/storybook/blob/next/MIGRATION.md#icons-is-deprecated
Use of the deprecated Icons (zoomout) component detected. Please use the @storybook/icons component directly. For more informations, see the migration notes at https://github.com/storybookjs/storybook/blob/next/MIGRATION.md#icons-is-deprecated
Use of the deprecated Icons (zoomreset) component detected. Please use the @storybook/icons component directly. For more informations, see the migration notes at https://github.com/storybookjs/storybook/blob/next/MIGRATION.md#icons-is-deprecated
[...]
        </testcase>
    </testsuite>
    <testsuite name="addons/docs/template/stories/docs2/multiple-csf-files-b.stories.ts" timestamp="2024-08-01T18:15:42.013Z" hostname="Yanns-MacBook-Pro.local" tests="3" failures="0" errors="0" skipped="0" time="0.038">
        <testcase classname="addons/docs/template/stories/docs2/multiple-csf-files-b.stories.ts" name="DefaultB" time="0.026">
        </testcase>
        <testcase classname="addons/docs/template/stories/docs2/multiple-csf-files-b.stories.ts" name="H1Content" time="0.007">
        </testcase>
        <testcase classname="addons/docs/template/stories/docs2/multiple-csf-files-b.stories.ts" name="H2Content" time="0.004">
        </testcase>
    </testsuite>
    <testsuite name="addons/docs/template/stories/docs2/resolved-react.stories.ts" timestamp="2024-08-01T18:15:42.013Z" hostname="Yanns-MacBook-Pro.local" tests="1" failures="0" errors="0" skipped="0" time="0.03">
        <testcase classname="addons/docs/template/stories/docs2/resolved-react.stories.ts" name="Story" time="0.029">
        </testcase>
    </testsuite>
    <testsuite name="addons/docs/template/stories/docspage/autoplay.stories.ts" timestamp="2024-08-01T18:15:42.014Z" hostname="Yanns-MacBook-Pro.local" tests="2" failures="0" errors="0" skipped="0" time="0.045">
        <testcase classname="addons/docs/template/stories/docspage/autoplay.stories.ts" name="NoAutoplay" time="0.031">
        </testcase>
        <testcase classname="addons/docs/template/stories/docspage/autoplay.stories.ts" name="Autoplay" time="0.013">
        </testcase>
    </testsuite>
    <testsuite name="addons/docs/template/stories/docspage/basic.stories.ts" timestamp="2024-08-01T18:15:42.014Z" hostname="Yanns-MacBook-Pro.local" tests="3" failures="0" errors="0" skipped="0" time="0.038">
        <testcase classname="addons/docs/template/stories/docspage/basic.stories.ts" name="Basic" time="0.026">
        </testcase>
        <testcase classname="addons/docs/template/stories/docspage/basic.stories.ts" name="Disabled" time="0.007">
        </testcase>
        <testcase classname="addons/docs/template/stories/docspage/basic.stories.ts" name="Another" time="0.004">
        </testcase>
    </testsuite>
    <testsuite name="addons/docs/template/stories/docspage/description.stories.ts" timestamp="2024-08-01T18:15:42.014Z" hostname="Yanns-MacBook-Pro.local" tests="2" failures="0" errors="0" skipped="0" time="0.045">
        <testcase classname="addons/docs/template/stories/docspage/description.stories.ts" name="Basic" time="0.037">
            <system-err>
Warning: Failed prop type: The prop `onClick` is marked as required in `Button`, but its value is `undefined`.
    at Button (/Users/yannbraga/open-source/storybook/code/renderers/react/template/components/Button.jsx:5:19)
    at ThemeProvider (/Users/yannbraga/open-source/storybook/code/core/dist/theming/index.js:1958:38)
    at unboundStoryFn (/Users/yannbraga/open-source/storybook/code/core/dist/preview-api/index.cjs:7416:62)

            </system-err>
        </testcase>
        <testcase classname="addons/docs/template/stories/docspage/description.stories.ts" name="CustomDescription" time="0.006">
        </testcase>
    </testsuite>
    <testsuite name="addons/docs/template/stories/docspage/error.stories.ts" timestamp="2024-08-01T18:15:42.015Z" hostname="Yanns-MacBook-Pro.local" tests="1" failures="0" errors="0" skipped="1" time="0.003">
        <testcase classname="addons/docs/template/stories/docspage/error.stories.ts" name="ErrorStory" time="0">
            <skipped/>
        </testcase>
    </testsuite>
    <testsuite name="addons/docs/template/stories/docspage/extract-description.stories.ts" timestamp="2024-08-01T18:15:42.015Z" hostname="Yanns-MacBook-Pro.local" tests="1" failures="0" errors="0" skipped="0" time="0.035">
        <testcase classname="addons/docs/template/stories/docspage/extract-description.stories.ts" name="Basic" time="0.035">
            <system-err>
Warning: Failed prop type: The prop `onClick` is marked as required in `Button`, but its value is `undefined`.
    at Button (/Users/yannbraga/open-source/storybook/code/renderers/react/template/components/Button.jsx:5:19)
    at ThemeProvider (/Users/yannbraga/open-source/storybook/code/core/dist/theming/index.js:1958:38)
    at unboundStoryFn (/Users/yannbraga/open-source/storybook/code/core/dist/preview-api/index.cjs:7416:62)

            </system-err>
        </testcase>
    </testsuite>
    <testsuite name="addons/docs/template/stories/docspage/iframe.stories.ts" timestamp="2024-08-01T18:15:42.015Z" hostname="Yanns-MacBook-Pro.local" tests="1" failures="0" errors="0" skipped="0" time="0.034">
        <testcase classname="addons/docs/template/stories/docspage/iframe.stories.ts" name="Basic" time="0.033">
            <system-err>
Warning: Failed prop type: The prop `onClick` is marked as required in `Button`, but its value is `undefined`.
    at Button (/Users/yannbraga/open-source/storybook/code/renderers/react/template/components/Button.jsx:5:19)
    at ThemeProvider (/Users/yannbraga/open-source/storybook/code/core/dist/theming/index.js:1958:38)
    at unboundStoryFn (/Users/yannbraga/open-source/storybook/code/core/dist/preview-api/index.cjs:7416:62)

            </system-err>
        </testcase>
    </testsuite>
    <testsuite name="addons/docs/template/stories/docspage/overflow.stories.ts" timestamp="2024-08-01T18:15:42.016Z" hostname="Yanns-MacBook-Pro.local" tests="1" failures="0" errors="0" skipped="0" time="0.027">
        <testcase classname="addons/docs/template/stories/docspage/overflow.stories.ts" name="Basic" time="0.027">
        </testcase>
    </testsuite>
    <testsuite name="addons/docs/template/stories/docspage/override.stories.ts" timestamp="2024-08-01T18:15:42.016Z" hostname="Yanns-MacBook-Pro.local" tests="1" failures="0" errors="0" skipped="0" time="0.036">
        <testcase classname="addons/docs/template/stories/docspage/override.stories.ts" name="Basic" time="0.036">
            <system-err>
Warning: Failed prop type: The prop `onClick` is marked as required in `Button`, but its value is `undefined`.
    at Button (/Users/yannbraga/open-source/storybook/code/renderers/react/template/components/Button.jsx:5:19)
    at ThemeProvider (/Users/yannbraga/open-source/storybook/code/core/dist/theming/index.js:1958:38)
    at unboundStoryFn (/Users/yannbraga/open-source/storybook/code/core/dist/preview-api/index.cjs:7416:62)

            </system-err>
        </testcase>
    </testsuite>
    <testsuite name="addons/docs/template/stories/docspage/source.stories.ts" timestamp="2024-08-01T18:15:42.016Z" hostname="Yanns-MacBook-Pro.local" tests="5" failures="0" errors="0" skipped="0" time="0.055">
        <testcase classname="addons/docs/template/stories/docspage/source.stories.ts" name="Auto" time="0.035">
            <system-err>
Warning: Failed prop type: The prop `onClick` is marked as required in `Button`, but its value is `undefined`.
    at Button (/Users/yannbraga/open-source/storybook/code/renderers/react/template/components/Button.jsx:5:19)
    at ThemeProvider (/Users/yannbraga/open-source/storybook/code/core/dist/theming/index.js:1958:38)
    at unboundStoryFn (/Users/yannbraga/open-source/storybook/code/core/dist/preview-api/index.cjs:7416:62)

            </system-err>
        </testcase>
        <testcase classname="addons/docs/template/stories/docspage/source.stories.ts" name="Disabled" time="0.006">
        </testcase>
        <testcase classname="addons/docs/template/stories/docspage/source.stories.ts" name="Code" time="0.005">
        </testcase>
        <testcase classname="addons/docs/template/stories/docspage/source.stories.ts" name="Custom" time="0.004">
        </testcase>
        <testcase classname="addons/docs/template/stories/docspage/source.stories.ts" name="Transform" time="0.005">
        </testcase>
    </testsuite>
    <testsuite name="addons/docs/template/stories/toc/basic.stories.ts" timestamp="2024-08-01T18:15:42.017Z" hostname="Yanns-MacBook-Pro.local" tests="3" failures="0" errors="0" skipped="0" time="0.047">
        <testcase classname="addons/docs/template/stories/toc/basic.stories.ts" name="One" time="0.034">
            <system-err>
Warning: Failed prop type: The prop `onClick` is marked as required in `Button`, but its value is `undefined`.
    at Button (/Users/yannbraga/open-source/storybook/code/renderers/react/template/components/Button.jsx:5:19)
    at ThemeProvider (/Users/yannbraga/open-source/storybook/code/core/dist/theming/index.js:1958:38)
    at unboundStoryFn (/Users/yannbraga/open-source/storybook/code/core/dist/preview-api/index.cjs:7416:62)

            </system-err>
        </testcase>
        <testcase classname="addons/docs/template/stories/toc/basic.stories.ts" name="Two" time="0.006">
        </testcase>
        <testcase classname="addons/docs/template/stories/toc/basic.stories.ts" name="Three" time="0.005">
        </testcase>
    </testsuite>
    <testsuite name="addons/docs/template/stories/toc/custom-selector.stories.ts" timestamp="2024-08-01T18:15:42.018Z" hostname="Yanns-MacBook-Pro.local" tests="3" failures="0" errors="0" skipped="0" time="0.054">
        <testcase classname="addons/docs/template/stories/toc/custom-selector.stories.ts" name="One" time="0.04">
            <system-err>
Warning: Failed prop type: The prop `onClick` is marked as required in `Button`, but its value is `undefined`.
    at Button (/Users/yannbraga/open-source/storybook/code/renderers/react/template/components/Button.jsx:5:19)
    at ThemeProvider (/Users/yannbraga/open-source/storybook/code/core/dist/theming/index.js:1958:38)
    at unboundStoryFn (/Users/yannbraga/open-source/storybook/code/core/dist/preview-api/index.cjs:7416:62)

            </system-err>
        </testcase>
        <testcase classname="addons/docs/template/stories/toc/custom-selector.stories.ts" name="Two" time="0.008">
        </testcase>
        <testcase classname="addons/docs/template/stories/toc/custom-selector.stories.ts" name="Three" time="0.005">
        </testcase>
    </testsuite>
    <testsuite name="addons/docs/template/stories/toc/custom-title.stories.ts" timestamp="2024-08-01T18:15:42.018Z" hostname="Yanns-MacBook-Pro.local" tests="3" failures="0" errors="0" skipped="0" time="0.049">
        <testcase classname="addons/docs/template/stories/toc/custom-title.stories.ts" name="One" time="0.036">
            <system-err>
Warning: Failed prop type: The prop `onClick` is marked as required in `Button`, but its value is `undefined`.
    at Button (/Users/yannbraga/open-source/storybook/code/renderers/react/template/components/Button.jsx:5:19)
    at ThemeProvider (/Users/yannbraga/open-source/storybook/code/core/dist/theming/index.js:1958:38)
    at unboundStoryFn (/Users/yannbraga/open-source/storybook/code/core/dist/preview-api/index.cjs:7416:62)

            </system-err>
        </testcase>
        <testcase classname="addons/docs/template/stories/toc/custom-title.stories.ts" name="Two" time="0.006">
        </testcase>
        <testcase classname="addons/docs/template/stories/toc/custom-title.stories.ts" name="Three" time="0.005">
        </testcase>
    </testsuite>
    <testsuite name="addons/docs/template/stories/toc/ignore-selector.stories.ts" timestamp="2024-08-01T18:15:42.019Z" hostname="Yanns-MacBook-Pro.local" tests="3" failures="0" errors="0" skipped="0" time="0.045">
        <testcase classname="addons/docs/template/stories/toc/ignore-selector.stories.ts" name="One" time="0.033">
            <system-err>
Warning: Failed prop type: The prop `onClick` is marked as required in `Button`, but its value is `undefined`.
    at Button (/Users/yannbraga/open-source/storybook/code/renderers/react/template/components/Button.jsx:5:19)
    at ThemeProvider (/Users/yannbraga/open-source/storybook/code/core/dist/theming/index.js:1958:38)
    at unboundStoryFn (/Users/yannbraga/open-source/storybook/code/core/dist/preview-api/index.cjs:7416:62)

            </system-err>
        </testcase>
        <testcase classname="addons/docs/template/stories/toc/ignore-selector.stories.ts" name="Two" time="0.006">
        </testcase>
        <testcase classname="addons/docs/template/stories/toc/ignore-selector.stories.ts" name="Three" time="0.004">
        </testcase>
    </testsuite>
    <testsuite name="addons/onboarding/src/features/GuidedTour/GuidedTour.stories.tsx" timestamp="2024-08-01T18:15:42.019Z" hostname="Yanns-MacBook-Pro.local" tests="1" failures="0" errors="0" skipped="0" time="0.026">
        <testcase classname="addons/onboarding/src/features/GuidedTour/GuidedTour.stories.tsx" name="Default" time="0.026">
        </testcase>
    </testsuite>
    <testsuite name="addons/onboarding/src/components/Button/Button.stories.tsx" timestamp="2024-08-01T18:15:42.019Z" hostname="Yanns-MacBook-Pro.local" tests="1" failures="0" errors="0" skipped="0" time="0.03">
        <testcase classname="addons/onboarding/src/components/Button/Button.stories.tsx" name="Default" time="0.03">
        </testcase>
    </testsuite>
    <testsuite name="addons/onboarding/src/features/SplashScreen/SplashScreen.stories.tsx" timestamp="2024-08-01T18:15:42.020Z" hostname="Yanns-MacBook-Pro.local" tests="2" failures="0" errors="0" skipped="0" time="0.052">
        <testcase classname="addons/onboarding/src/features/SplashScreen/SplashScreen.stories.tsx" name="Default" time="0.041">
            <system-err>
The pseudo class &quot;:nth-child&quot; is potentially unsafe when doing server-side rendering. Try changing it to &quot;:nth-of-type&quot;.
The pseudo class &quot;:nth-child&quot; is potentially unsafe when doing server-side rendering. Try changing it to &quot;:nth-of-type&quot;.
The pseudo class &quot;:nth-child&quot; is potentially unsafe when doing server-side rendering. Try changing it to &quot;:nth-of-type&quot;.

            </system-err>
        </testcase>
        <testcase classname="addons/onboarding/src/features/SplashScreen/SplashScreen.stories.tsx" name="Static" time="0.011">
        </testcase>
    </testsuite>
    <testsuite name="addons/onboarding/src/components/Confetti/Confetti.stories.tsx" timestamp="2024-08-01T18:15:42.020Z" hostname="Yanns-MacBook-Pro.local" tests="3" failures="3" errors="0" skipped="0" time="0.05">
        <testcase classname="addons/onboarding/src/components/Confetti/Confetti.stories.tsx" name="Default" time="0.044">
            <failure message="
[34mClick to debug the error directly in Storybook: http://localhost:6006/?path=/story/composedstory--default[39m

this.canvas.getContext is not a function" type="TypeError">
TypeError: 
Click to debug the error directly in Storybook: http://localhost:6006/?path=/story/composedstory--default

this.canvas.getContext is not a function
 ❯ new t node_modules/react-confetti/src/Confetti.ts:126:29
 ❯ o.value node_modules/react-confetti/src/ReactConfetti.tsx:27:23
 ❯ commitLayoutEffectOnFiber node_modules/react-dom/cjs/react-dom.development.js:23310:28
 ❯ commitLayoutMountEffects_complete node_modules/react-dom/cjs/react-dom.development.js:24688:9
 ❯ commitLayoutEffects_begin node_modules/react-dom/cjs/react-dom.development.js:24674:7
 ❯ commitLayoutEffects node_modules/react-dom/cjs/react-dom.development.js:24612:3
 ❯ commitRootImpl node_modules/react-dom/cjs/react-dom.development.js:26823:5
 ❯ commitRoot node_modules/react-dom/cjs/react-dom.development.js:26682:5
 ❯ finishConcurrentRender node_modules/react-dom/cjs/react-dom.development.js:25981:9
 ❯ performConcurrentWorkOnRoot node_modules/react-dom/cjs/react-dom.development.js:25809:7
            </failure>
        </testcase>
        <testcase classname="addons/onboarding/src/components/Confetti/Confetti.stories.tsx" name="OneTimeConfetti" time="0.006">
            <system-err>
Warning: Attempted to synchronously unmount a root while React was already rendering. React cannot finish unmounting the root until the current render has completed, which may lead to a race condition.
    at o (/Users/yannbraga/open-source/storybook/code/node_modules/react-confetti/dist/react-confetti.min.js:1:15912)
    at div
    at /Users/yannbraga/open-source/storybook/code/core/dist/theming/index.js:1911:39
    at Confetti (/Users/yannbraga/open-source/storybook/code/addons/onboarding/src/components/Confetti/Confetti.tsx:20:3)
    at div
    at ThemeProvider (/Users/yannbraga/open-source/storybook/code/core/dist/theming/index.js:1958:38)
    at unboundStoryFn (/Users/yannbraga/open-source/storybook/code/core/dist/preview-api/index.cjs:7416:62)

            </system-err>
            <failure message="Should not already be working." type="Error">
Error: Should not already be working.
 ❯ performConcurrentWorkOnRoot node_modules/react-dom/cjs/react-dom.development.js:25703:11
 ❯ flushActQueue node_modules/react/cjs/react.development.js:2667:24
 ❯ act node_modules/react/cjs/react.development.js:2582:11
 ❯ node_modules/@testing-library/react/dist/act-compat.js:46:25
 ❯ node_modules/@testing-library/react/dist/pure.js:261:28
 ❯ cleanup node_modules/@testing-library/react/dist/pure.js:257:22
            </failure>
        </testcase>
        <testcase classname="addons/onboarding/src/components/Confetti/Confetti.stories.tsx" name="Positioned" time="0">
            <failure message="Should not already be working." type="Error">
Error: Should not already be working.
 ❯ performConcurrentWorkOnRoot node_modules/react-dom/cjs/react-dom.development.js:25703:11
 ❯ flushActQueue node_modules/react/cjs/react.development.js:2667:24
 ❯ act node_modules/react/cjs/react.development.js:2582:11
 ❯ node_modules/@testing-library/react/dist/act-compat.js:46:25
 ❯ node_modules/@testing-library/react/dist/pure.js:261:28
 ❯ cleanup node_modules/@testing-library/react/dist/pure.js:257:22
            </failure>
        </testcase>
    </testsuite>
    <testsuite name="addons/onboarding/src/components/HighlightElement/HighlightElement.stories.tsx" timestamp="2024-08-01T18:15:42.022Z" hostname="Yanns-MacBook-Pro.local" tests="2" failures="1" errors="0" skipped="0" time="0.176">
        <testcase classname="addons/onboarding/src/components/HighlightElement/HighlightElement.stories.tsx" name="Default" time="0.038">
        </testcase>
        <testcase classname="addons/onboarding/src/components/HighlightElement/HighlightElement.stories.tsx" name="Pulsating" time="0.138">
            <failure message="
[34mClick to debug the error directly in Storybook: http://localhost:6006/?path=/story/composedstory--pulsating&amp;addonPanel=storybook/interactions/panel[39m

expect(element).toHaveStyle()

- Expected

- animation: 3s ease-in-out 0s infinite normal none running pulsate;
+ animation: pulsate 3s infinite;" type="Error">
Error: 
Click to debug the error directly in Storybook: http://localhost:6006/?path=/story/composedstory--pulsating&amp;addonPanel=storybook/interactions/panel

expect(element).toHaveStyle()

- Expected

- animation: 3s ease-in-out 0s infinite normal none running pulsate;
+ animation: pulsate 3s infinite;
 ❯ Proxy.expectWrapper lib/test/dist/index.mjs:30862:17
 ❯ Proxy.&lt;anonymous&gt; lib/test/dist/index.mjs:30080:18
 ❯ Proxy.methodWrapper lib/test/dist/index.mjs:1725:29
 ❯ play addons/onboarding/src/components/HighlightElement/HighlightElement.stories.tsx:62:26
 ❯ runStory core/dist/preview-api/index.cjs:8036:11
 ❯ node_modules/@storybook/experimental-vitest-plugin/dist/test-utils.js:307:5
            </failure>
        </testcase>
    </testsuite>
    <testsuite name="addons/onboarding/src/components/List/List.stories.tsx" timestamp="2024-08-01T18:15:42.023Z" hostname="Yanns-MacBook-Pro.local" tests="1" failures="0" errors="0" skipped="0" time="0.063">
        <testcase classname="addons/onboarding/src/components/List/List.stories.tsx" name="Default" time="0.062">
        </testcase>
    </testsuite>
</testsuites>
